<testsuite failures="1" name="src/test/java/temp/inTemp.feature" skipped="0" tests="1" time="0.107797">
  <testcase classname="src.test.java.temp.inTemp" name="lets call a feature" time="0.107797">
    <failure message="inTemp.feature:7 - evaluation (js) failed: read(karate.properties['user.dir'] + '/src/test/java/temp/another.feature'), java.lang.RuntimeException: java.io.FileNotFoundException: D:\OnGoing\ProjectPOCs\Stage4-Gradle-POC1\src\test\java\temp\another.feature (The system cannot find the file specified)&#10;stack trace: com.intuit.karate.Resource.getStream(Resource.java:135)">* print "In temp folder and ran inTemp.feature" ........................... passed
And def BodyOfRequest = call read(karate.properties['user.dir'] + '/src/test/java/temp/another.feature') . failed

Stack Trace:
com.intuit.karate.exception.KarateException: inTemp.feature:7 - evaluation (js) failed: read(karate.properties['user.dir'] + '/src/test/java/temp/another.feature'), java.lang.RuntimeException: java.io.FileNotFoundException: D:\OnGoing\ProjectPOCs\Stage4-Gradle-POC1\src\test\java\temp\another.feature (The system cannot find the file specified)
stack trace: com.intuit.karate.Resource.getStream(Resource.java:135)&#13;
	at âœ½.And def BodyOfRequest = call read(karate.properties['user.dir'] + '/src/test/java/temp/another.feature') (inTemp.feature:7)&#13;

* print BodyOfRequest ..................................................... skipped</failure>
  </testcase>
</testsuite>
