{"failedCount":1,"prefixedPath":"src\/test\/java\/demo\/reqres\/Experimental.feature","packageQualifiedName":"src.test.java.demo.reqres.Experimental","loopIndex":-1,"relativePath":"src\/test\/java\/demo\/reqres\/Experimental.feature","scenarioResults":[{"sectionIndex":0,"stepResults":[{"result":{"nanos":53626400,"millis":53.6264,"status":"passed"},"step":{"endLine":36,"background":true,"line":5,"prefix":"*","docString":"{\n \"result\": \"SUCCESS\",\n \"rawAttr\": [\n     {\n         \"attributes\": [\n             {\n                 \"name\": \"resourceid\",\n                 \"value\": \"7A7Q123456\"\n             },\n             {\n                 \"name\": \"physicalid\",\n                 \"value\": \"7A7Q123456\"\n             },\n             {\n                 \"name\": \"dsw-label\",\n                 \"value\": \"MY Product00004285\"\n             },\n             {\n                 \"name\": \"dsw-created\",\n                 \"value\": \"2019-11-06T08:39:39Z\"\n             }\n         ]\n     }\n ],\n \"physicalid\": \"7A7Q123456\",\n \"contextPath\": \"\/path\",\n \"id\": \"7A7Q123456\",\n \"message\": null\n                  }","index":0,"text":"def myTestJsonObject ="}},{"result":{"nanos":154021000,"millis":154.021,"status":"passed"},"step":{"line":40,"prefix":"And","index":0,"text":"def strVar = myTestJsonObject.rawAttr"}},{"result":{"nanos":16031600,"millis":16.0316,"status":"passed"},"step":{"line":41,"prefix":"And","index":1,"text":"json jsonVar = strVar"}},{"result":{"nanos":141071000,"millis":141.071,"status":"passed"},"step":{"line":42,"prefix":"And","index":2,"text":"def attrb = karate.jsonPath(jsonVar, '$..attributes.[2].value')[0]"}},{"result":{"nanos":7116400,"millis":7.1164,"status":"passed"},"step":{"line":43,"prefix":"And","index":3,"text":"print '\\n\\n Attrb\\n', attrb"},"stepLog":"23:52:41.730 [print] \n\n Attrb\n MY Product00004285 \n"},{"result":{"nanos":8119700,"millis":8.1197,"status":"passed"},"step":{"line":45,"prefix":"And","index":4,"text":"def anotherAttrb = karate.jsonPath(jsonVar, '$..attributes.[1].value')[0]"}},{"result":{"nanos":35780600,"errorMessage":"js failed:\n>>>>\n01: karate.log('[print]','\\n\\n Attrb Key :' +$..attributes.[1].key '+ ' and its value \\n', anotherAttrb)\n<<<<\norg.graalvm.polyglot.PolyglotException: SyntaxError: Unnamed:1:100 Missing close quote\r\nkarate.log('[print]','\\n\\n Attrb Key :' +$..attributes.[1].key '+ ' and its value \\n', anotherAttrb)\r\n                                                                                                    ^\n\n- org.graalvm.polyglot.Context.eval(Context.java:401)\n- com.intuit.karate.graal.JsEngine.evalForValue(JsEngine.java:141)\n- com.intuit.karate.graal.JsEngine.eval(JsEngine.java:137)\n- com.intuit.karate.core.ScenarioEngine.evalJs(ScenarioEngine.java:1252)\n- com.intuit.karate.core.ScenarioEngine.print(ScenarioEngine.java:242)\n- com.intuit.karate.ScenarioActions.print(ScenarioActions.java:296)\n- java.base\/jdk.internal.reflect.NativeMethodAccessorImpl.invoke0(Native Method)\n\nsrc\/test\/java\/demo\/reqres\/Experimental.feature:46","millis":35.7806,"status":"failed"},"step":{"line":46,"prefix":"And","index":5,"text":"print '\\n\\n Attrb Key :' +$..attributes.[1].key '+ ' and its value \\n', anotherAttrb"},"stepLog":"23:52:41.778 src\/test\/java\/demo\/reqres\/Experimental.feature:46\nAnd print '\\n\\n Attrb Key :' +$..attributes.[1].key '+ ' and its value \\n', anotherAttrb\njs failed:\n>>>>\n01: karate.log('[print]','\\n\\n Attrb Key :' +$..attributes.[1].key '+ ' and its value \\n', anotherAttrb)\n<<<<\norg.graalvm.polyglot.PolyglotException: SyntaxError: Unnamed:1:100 Missing close quote\r\nkarate.log('[print]','\\n\\n Attrb Key :' +$..attributes.[1].key '+ ' and its value \\n', anotherAttrb)\r\n                                                                                                    ^\n\n- org.graalvm.polyglot.Context.eval(Context.java:401)\n- com.intuit.karate.graal.JsEngine.evalForValue(JsEngine.java:141)\n- com.intuit.karate.graal.JsEngine.eval(JsEngine.java:137)\n- com.intuit.karate.core.ScenarioEngine.evalJs(ScenarioEngine.java:1252)\n- com.intuit.karate.core.ScenarioEngine.print(ScenarioEngine.java:242)\n- com.intuit.karate.ScenarioActions.print(ScenarioActions.java:296)\n- java.base\/jdk.internal.reflect.NativeMethodAccessorImpl.invoke0(Native Method)\n\nsrc\/test\/java\/demo\/reqres\/Experimental.feature:46\n"}],"line":39,"description":"","durationMillis":415.7667,"failed":true,"error":"js failed:\n>>>>\n01: karate.log('[print]','\\n\\n Attrb Key :' +$..attributes.[1].key '+ ' and its value \\n', anotherAttrb)\n<<<<\norg.graalvm.polyglot.PolyglotException: SyntaxError: Unnamed:1:100 Missing close quote\r\nkarate.log('[print]','\\n\\n Attrb Key :' +$..attributes.[1].key '+ ' and its value \\n', anotherAttrb)\r\n                                                                                                    ^\n\n- org.graalvm.polyglot.Context.eval(Context.java:401)\n- com.intuit.karate.graal.JsEngine.evalForValue(JsEngine.java:141)\n- com.intuit.karate.graal.JsEngine.eval(JsEngine.java:137)\n- com.intuit.karate.core.ScenarioEngine.evalJs(ScenarioEngine.java:1252)\n- com.intuit.karate.core.ScenarioEngine.print(ScenarioEngine.java:242)\n- com.intuit.karate.ScenarioActions.print(ScenarioActions.java:296)\n- java.base\/jdk.internal.reflect.NativeMethodAccessorImpl.invoke0(Native Method)\n\nsrc\/test\/java\/demo\/reqres\/Experimental.feature:46","tags":["name=tryJsonNavigation"],"executorName":"main","name":"To try with Json object Navigation","startTime":1634273561344,"refId":"[1:39]","endTime":1634273561778,"exampleIndex":-1}],"callDepth":0,"name":"To do all experiments here","description":"for help, see: https:\/\/github.com\/intuit\/karate\/wiki\/IDE-Support","resultDate":"2021-10-14 11:52:41 PM","durationMillis":415.7667,"passedCount":0}